Start testing: Sep 09 10:30 CEST
----------------------------------------------------------
1/4 Testing: appstreamtest
1/4 Test: appstreamtest
Command: "/usr/bin/cmake" "-DAPPSTREAMCLI=/usr/bin/appstreamcli" "-DINSTALL_FILES=/home/macewindu/ai-dev/KateAI/build/install_manifest.txt" "-P" "/usr/share/ECM/kde-modules/appstreamtest.cmake"
Directory: /home/macewindu/ai-dev/KateAI/build
"appstreamtest" start time: Sep 09 10:30 CEST
Output:
----------------------------------------------------------
Not installed yet, skipping
<end of output>
Test time =   0.01 sec
----------------------------------------------------------
Test Passed.
"appstreamtest" end time: Sep 09 10:30 CEST
"appstreamtest" time elapsed: 00:00:00
----------------------------------------------------------

2/4 Testing: test_sandbox
2/4 Test: test_sandbox
Command: "/home/macewindu/ai-dev/KateAI/build/bin/test_sandbox"
Directory: /home/macewindu/ai-dev/KateAI/build/tests
"test_sandbox" start time: Sep 09 10:30 CEST
Output:
----------------------------------------------------------
********* Start testing of TestSandbox *********
Config: Using QtTest library 6.11.2, Qt 6.11.2 (arm64-little_endian-lp64 shared (dynamic) release build; by GCC 16.2.1 20260819 (Red Hat 16.2.1-2)), fedora-asahi-remix 44
PASS   : TestSandbox::initTestCase()
PASS   : TestSandbox::pathEscapeIsBlocked()
PASS   : TestSandbox::envFileIsDenied()
PASS   : TestSandbox::readOnlyBlocksWrites()
PASS   : TestSandbox::strictBlocksOutsideReads()
PASS   : TestSandbox::dangerousCommands()
PASS   : TestSandbox::globWorkspaceMatch()
PASS   : TestSandbox::strictCommandsDoNotMountTheHostRoot()
PASS   : TestSandbox::cleanupTestCase()
Totals: 9 passed, 0 failed, 0 skipped, 0 blacklisted, 3ms
********* Finished testing of TestSandbox *********
<end of output>
Test time =   0.05 sec
----------------------------------------------------------
Test Passed.
"test_sandbox" end time: Sep 09 10:30 CEST
"test_sandbox" time elapsed: 00:00:00
----------------------------------------------------------

3/4 Testing: test_permissions
3/4 Test: test_permissions
Command: "/home/macewindu/ai-dev/KateAI/build/bin/test_permissions"
Directory: /home/macewindu/ai-dev/KateAI/build/tests
"test_permissions" start time: Sep 09 10:30 CEST
Output:
----------------------------------------------------------
********* Start testing of TestPermissions *********
Config: Using QtTest library 6.11.2, Qt 6.11.2 (arm64-little_endian-lp64 shared (dynamic) release build; by GCC 16.2.1 20260819 (Red Hat 16.2.1-2)), fedora-asahi-remix 44
PASS   : TestPermissions::initTestCase()
PASS   : TestPermissions::readToolsAutoAllow()
PASS   : TestPermissions::writesAskByDefault()
PASS   : TestPermissions::acceptEditsAllowsWritesButAsksShell()
PASS   : TestPermissions::alwaysApprove()
PASS   : TestPermissions::sessionGrant()
PASS   : TestPermissions::cleanupTestCase()
Totals: 7 passed, 0 failed, 0 skipped, 0 blacklisted, 1ms
********* Finished testing of TestPermissions *********
<end of output>
Test time =   0.03 sec
----------------------------------------------------------
Test Passed.
"test_permissions" end time: Sep 09 10:30 CEST
"test_permissions" time elapsed: 00:00:00
----------------------------------------------------------

4/4 Testing: test_llmparse
4/4 Test: test_llmparse
Command: "/home/macewindu/ai-dev/KateAI/build/bin/test_llmparse"
Directory: /home/macewindu/ai-dev/KateAI/build/tests
"test_llmparse" start time: Sep 09 10:30 CEST
Output:
----------------------------------------------------------
********* Start testing of TestLlmParse *********
Config: Using QtTest library 6.11.2, Qt 6.11.2 (arm64-little_endian-lp64 shared (dynamic) release build; by GCC 16.2.1 20260819 (Red Hat 16.2.1-2)), fedora-asahi-remix 44
PASS   : TestLlmParse::initTestCase()
PASS   : TestLlmParse::parsesContentDelta()
PASS   : TestLlmParse::parsesDone()
PASS   : TestLlmParse::parsesToolCall()
PASS   : TestLlmParse::providerUrls()
PASS   : TestLlmParse::settingsKeys()
PASS   : TestLlmParse::planModeOnlyAdvertisesReadTools()
PASS   : TestLlmParse::malformedToolArgumentsArePreservedForAnErrorResult()
PASS   : TestLlmParse::cleanupTestCase()
Totals: 9 passed, 0 failed, 0 skipped, 0 blacklisted, 0ms
********* Finished testing of TestLlmParse *********
<end of output>
Test time =   0.03 sec
----------------------------------------------------------
Test Passed.
"test_llmparse" end time: Sep 09 10:30 CEST
"test_llmparse" time elapsed: 00:00:00
----------------------------------------------------------

End testing: Sep 09 10:30 CEST
